{"/Users/christophersherman/workspace/projects/lambda/contact-us/src/services/email.service.ts": {"path":"/Users/christophersherman/workspace/projects/lambda/contact-us/src/services/email.service.ts","statementMap":{"0":{"start":{"line":1,"column":0},"end":{"line":1,"column":null}},"1":{"start":{"line":11,"column":4},"end":{"line":11,"column":41}},"2":{"start":{"line":17,"column":47},"end":{"line":35,"column":6}},"3":{"start":{"line":37,"column":29},"end":{"line":37,"column":62}},"4":{"start":{"line":39,"column":4},"end":{"line":46,"column":7}},"5":{"start":{"line":39,"column":49},"end":{"line":46,"column":6}},"6":{"start":{"line":40,"column":6},"end":{"line":45,"column":null}},"7":{"start":{"line":41,"column":30},"end":{"line":41,"column":75}},"8":{"start":{"line":42,"column":8},"end":{"line":42,"column":27}},"9":{"start":{"line":44,"column":8},"end":{"line":44,"column":20}},"10":{"start":{"line":7,"column":0},"end":{"line":7,"column":13}}},"fnMap":{"0":{"name":"(anonymous_7)","decl":{"start":{"line":10,"column":2},"end":{"line":10,"column":null}},"loc":{"start":{"line":10,"column":2},"end":{"line":12,"column":3}}},"1":{"name":"(anonymous_8)","decl":{"start":{"line":14,"column":8},"end":{"line":14,"column":19}},"loc":{"start":{"line":15,"column":33},"end":{"line":47,"column":null}}},"2":{"name":"(anonymous_10)","decl":{"start":{"line":39,"column":23},"end":{"line":39,"column":30}},"loc":{"start":{"line":39,"column":49},"end":{"line":46,"column":6}}},"3":{"name":"(anonymous_11)","decl":{"start":{"line":39,"column":49},"end":{"line":39,"column":null}},"loc":{"start":{"line":39,"column":49},"end":{"line":46,"column":5}}}},"branchMap":{},"s":{"0":1,"1":3,"2":2,"3":2,"4":2,"5":2,"6":2,"7":2,"8":1,"9":1,"10":1},"f":{"0":3,"1":2,"2":2,"3":2},"b":{}}
}
